{
  "RSpec": {
    "coverage": {
      "/home/andrew/Start/ProgectX/Social_N/app/controllers/application_controller.rb": [
        1,
        1,
        null,
        null,
        1,
        0,
        0,
        null,
        null,
        1,
        null,
        1,
        null,
        0,
        0,
        0,
        null,
        null,
        null,
        null,
        1,
        1,
        null,
        null,
        null,
        1,
        0,
        null,
        null,
        1,
        0,
        null,
        null,
        0,
        0,
        null,
        null,
        null,
        1,
        0,
        null,
        null,
        1,
        0,
        null,
        null,
        1,
        0,
        null,
        null,
        1,
        0,
        null,
        null,
        1,
        0,
        0,
        null,
        null,
        null,
        1,
        null
      ],
      "/home/andrew/Start/ProgectX/Social_N/app/helpers/application_helper.rb": [
        1,
        null
      ],
      "/home/andrew/Start/ProgectX/Social_N/app/helpers/invites_helper.rb": [
        1,
        null
      ],
      "/home/andrew/Start/ProgectX/Social_N/app/helpers/users_helper.rb": [
        1,
        null
      ],
      "/home/andrew/Start/ProgectX/Social_N/app/admin/dashboard.rb": [
        1,
        null,
        1,
        1,
        null,
        1,
        null,
        1,
        0,
        0,
        0,
        null,
        null,
        null,
        null,
        null,
        1,
        null,
        1,
        0,
        0,
        0,
        0,
        null,
        null,
        null,
        null,
        0,
        null,
        null,
        null,
        null,
        null,
        null,
        null,
        null,
        null,
        null,
        null,
        null,
        null,
        null,
        null,
        null,
        null,
        null,
        null,
        null,
        null
      ],
      "/home/andrew/Start/ProgectX/Social_N/app/admin/profile.rb": [
        1,
        1,
        null,
        1,
        null,
        1,
        null,
        null,
        null,
        1,
        0,
        0,
        0,
        0,
        0,
        0,
        0,
        null,
        null,
        0,
        null,
        null,
        null,
        null
      ],
      "/home/andrew/Start/ProgectX/Social_N/app/models/profile.rb": [
        1,
        1,
        null,
        1,
        null
      ],
      "/home/andrew/Start/ProgectX/Social_N/app/models/application_record.rb": [
        1,
        1,
        null
      ],
      "/home/andrew/Start/ProgectX/Social_N/app/uploaders/avatar_uploader.rb": [
        null,
        null,
        1,
        null,
        null,
        1,
        null,
        null,
        1,
        null,
        null,
        null,
        null,
        1,
        0,
        null,
        null,
        null,
        1,
        null,
        null,
        null,
        0,
        null,
        null,
        null,
        1,
        null,
        null,
        null,
        null,
        null,
        null,
        null,
        1,
        1,
        null,
        null,
        1,
        1,
        null,
        null,
        null,
        null,
        1,
        0,
        null,
        null,
        null,
        null,
        null,
        null,
        null,
        null
      ],
      "/home/andrew/Start/ProgectX/Social_N/app/admin/user.rb": [
        1,
        1,
        null,
        1,
        1,
        null,
        1,
        0,
        null,
        null,
        1,
        0,
        0,
        0,
        0,
        null,
        0,
        0,
        null,
        null,
        null,
        1,
        null,
        1,
        0,
        null,
        null,
        1,
        0,
        0,
        0,
        null,
        null,
        null,
        null,
        null,
        1,
        0,
        0,
        0,
        0,
        0,
        0,
        null,
        null,
        1,
        0,
        null,
        0,
        0,
        0,
        0,
        0,
        0,
        0,
        null,
        null,
        null,
        null,
        null,
        1,
        0,
        null,
        0,
        0,
        0,
        0,
        0,
        0,
        null,
        null,
        null,
        0,
        null,
        null,
        null
      ],
      "/home/andrew/Start/ProgectX/Social_N/app/models/user.rb": [
        1,
        1,
        null,
        1,
        null,
        1,
        null,
        1,
        1,
        null,
        1,
        1,
        null,
        1,
        null,
        null,
        null,
        null,
        null,
        null,
        null,
        null,
        null,
        null,
        null,
        null,
        null,
        null,
        null,
        null,
        null,
        null,
        null,
        null,
        null,
        null,
        null
      ],
      "/home/andrew/Start/ProgectX/Social_N/app/controllers/invites_controller.rb": [
        1,
        1,
        1,
        null,
        1,
        0,
        null,
        null,
        1,
        0,
        null,
        0,
        0,
        0,
        0,
        null,
        0,
        0,
        null,
        null,
        null,
        1,
        0,
        0,
        0,
        null,
        0,
        null,
        null,
        1,
        null,
        1,
        0,
        0,
        null,
        null,
        1,
        0,
        null,
        null,
        null
      ],
      "/home/andrew/Start/ProgectX/Social_N/app/controllers/users_controller.rb": [
        1,
        1,
        1,
        null,
        1,
        0,
        0,
        null,
        0,
        null,
        null,
        null,
        1,
        0,
        0,
        0,
        null,
        null,
        null,
        1,
        1,
        null,
        null,
        1,
        0,
        0,
        0,
        0,
        null,
        0,
        null,
        null,
        null,
        1,
        null,
        1,
        0,
        null,
        null,
        1,
        0,
        null,
        null
      ],
      "/home/andrew/Start/ProgectX/Social_N/app/models/account.rb": [
        1,
        1,
        null
      ],
      "/home/andrew/Start/ProgectX/Social_N/app/models/comment.rb": [
        1,
        1,
        1,
        null
      ],
      "/home/andrew/Start/ProgectX/Social_N/app/models/friendship.rb": [
        1,
        null,
        1,
        1,
        null,
        null
      ],
      "/home/andrew/Start/ProgectX/Social_N/app/models/invite.rb": [
        1,
        1,
        null
      ],
      "/home/andrew/Start/ProgectX/Social_N/app/models/session.rb": [
        1,
        null
      ],
      "/home/andrew/Start/ProgectX/Social_N/app/models/ability.rb": [
        1,
        1,
        null,
        1,
        null,
        null,
        1,
        null,
        null,
        null,
        1,
        0,
        0,
        0,
        null,
        1,
        1,
        1,
        1,
        1,
        1,
        1,
        1,
        1,
        1,
        null,
        null,
        null,
        null,
        null,
        null,
        null,
        null,
        null,
        null,
        null,
        null,
        null,
        null,
        null,
        null,
        null,
        null,
        null,
        null,
        null
      ],
      "/home/andrew/Start/ProgectX/Social_N/app/models/message.rb": [
        0,
        0,
        0,
        0,
        0,
        0,
        0,
        0,
        0,
        0,
        0
      ],
      "/home/andrew/Start/ProgectX/Social_N/app/models/conversation.rb": [
        0,
        0,
        0,
        0,
        0,
        0,
        0,
        0,
        0,
        0,
        0,
        0,
        0
      ],
      "/home/andrew/Start/ProgectX/Social_N/app/mailers/application_mailer.rb": [
        0,
        0,
        0,
        0
      ],
      "/home/andrew/Start/ProgectX/Social_N/app/controllers/sessions_controller.rb": [
        0,
        0,
        0,
        0,
        0,
        0,
        0,
        0,
        0,
        0,
        0,
        0,
        0,
        0,
        0,
        0,
        0,
        0,
        0,
        0,
        0,
        0,
        0,
        0,
        0,
        0,
        0,
        0,
        0,
        0,
        0,
        0,
        0,
        0,
        0,
        0,
        0,
        0,
        0,
        0,
        0
      ],
      "/home/andrew/Start/ProgectX/Social_N/app/controllers/conversations_controller.rb": [
        0,
        0,
        0,
        0,
        0,
        0,
        0,
        0,
        0,
        0,
        0,
        0
      ],
      "/home/andrew/Start/ProgectX/Social_N/app/controllers/friendships_controller.rb": [
        0,
        0,
        0,
        0,
        0,
        0,
        0,
        0,
        0,
        0,
        0,
        0,
        0,
        0,
        0,
        0,
        0,
        0,
        0,
        0,
        0,
        0,
        0,
        0,
        0,
        0,
        0,
        0,
        0,
        0,
        0,
        0,
        0,
        0,
        0,
        0,
        0,
        0,
        0
      ],
      "/home/andrew/Start/ProgectX/Social_N/app/controllers/profiles_controller.rb": [
        0,
        0,
        0,
        0,
        0,
        0,
        0,
        0,
        0,
        0,
        0,
        0,
        0,
        0,
        0,
        0,
        0,
        0,
        0,
        0,
        0,
        0,
        0,
        0,
        0,
        0,
        0,
        0,
        0,
        0,
        0,
        0
      ],
      "/home/andrew/Start/ProgectX/Social_N/app/controllers/comments_controller.rb": [
        0,
        0,
        0,
        0,
        0,
        0,
        0,
        0,
        0,
        0,
        0,
        0,
        0,
        0,
        0,
        0,
        0,
        0,
        0,
        0,
        0,
        0,
        0,
        0,
        0,
        0,
        0,
        0,
        0,
        0,
        0,
        0,
        0,
        0
      ],
      "/home/andrew/Start/ProgectX/Social_N/app/controllers/friends_controller.rb": [
        0,
        0,
        0,
        0,
        0,
        0,
        0,
        0
      ],
      "/home/andrew/Start/ProgectX/Social_N/app/channels/application_cable/connection.rb": [
        0,
        0,
        0,
        0
      ],
      "/home/andrew/Start/ProgectX/Social_N/app/channels/application_cable/channel.rb": [
        0,
        0,
        0,
        0
      ],
      "/home/andrew/Start/ProgectX/Social_N/app/jobs/application_job.rb": [
        0,
        0
      ]
    },
    "timestamp": 1490780877
  }
}
